Using pre-set license
Built from '2020.3/release' branch; Version is '2020.3.27f1 (e759542391ea) revision 15161684'; Using compiler version '192528614'; Build Type 'Release'
OS: 'Windows 10  (10.0.19043) 64bit Core' Language: 'en' Physical Memory: 16343 MB
BatchMode: 1, IsHumanControllingUs: 0, StartBugReporterOnCrash: 0, Is64bit: 1, IsPro: 0

COMMAND LINE ARGUMENTS:
C:\Program Files\Unity\Hub\Editor\2020.3.27f1\Editor\Unity.exe
-adb2
-batchMode
-noUpm
-name
AssetImportWorker0
-projectPath
E:/Programming/Repository/Ai-Intro
-logFile
Logs/AssetImportWorker0.log
-srvPort
59912
Successfully changed project path to: E:/Programming/Repository/Ai-Intro
E:/Programming/Repository/Ai-Intro
Using Asset Import Pipeline V2.
Refreshing native plugins compatible for Editor in 55.12 ms, found 3 plugins.
Preloading 0 native plugins for Editor in 0.00 ms.
Initialize engine version: 2020.3.27f1 (e759542391ea)
[Subsystems] Discovering subsystems at path C:/Program Files/Unity/Hub/Editor/2020.3.27f1/Editor/Data/Resources/UnitySubsystems
[Subsystems] Discovering subsystems at path E:/Programming/Repository/Ai-Intro/Assets
GfxDevice: creating device client; threaded=0
Direct3D:
    Version:  Direct3D 11.0 [level 11.1]
    Renderer: NVIDIA GeForce GTX 1070 (ID=0x1b81)
    Vendor:   
    VRAM:     8088 MB
    Driver:   27.21.14.5671
Initialize mono
Mono path[0] = 'C:/Program Files/Unity/Hub/Editor/2020.3.27f1/Editor/Data/Managed'
Mono path[1] = 'C:/Program Files/Unity/Hub/Editor/2020.3.27f1/Editor/Data/MonoBleedingEdge/lib/mono/unityjit'
Mono config path = 'C:/Program Files/Unity/Hub/Editor/2020.3.27f1/Editor/Data/MonoBleedingEdge/etc'
Using monoOptions --debugger-agent=transport=dt_socket,embedding=1,server=y,suspend=n,address=127.0.0.1:56448
Begin MonoManager ReloadAssembly
Registering precompiled unity dll's ...
Register platform support module: C:/Program Files/Unity/Hub/Editor/2020.3.27f1/Editor/Data/PlaybackEngines/WindowsStandaloneSupport/UnityEditor.WindowsStandalone.Extensions.dll
Registered in 0.002171 seconds.
Native extension for WindowsStandalone target not found
Refreshing native plugins compatible for Editor in 42.60 ms, found 3 plugins.
Preloading 0 native plugins for Editor in 0.00 ms.
Mono: successfully reloaded assembly
- Completed reload, in  0.587 seconds
Domain Reload Profiling:
	ReloadAssembly (587ms)
		BeginReloadAssembly (69ms)
			ExecutionOrderSort (0ms)
			DisableScriptedObjects (0ms)
			BackupInstance (0ms)
			ReleaseScriptingObjects (0ms)
			CreateAndSetChildDomain (1ms)
		EndReloadAssembly (448ms)
			LoadAssemblies (67ms)
			RebuildTransferFunctionScriptingTraits (0ms)
			SetupTypeCache (151ms)
			ReleaseScriptCaches (0ms)
			RebuildScriptCaches (31ms)
			SetupLoadedEditorAssemblies (168ms)
				LogAssemblyErrors (0ms)
				InitializePlatformSupportModulesInManaged (6ms)
				SetLoadedEditorAssemblies (0ms)
				RefreshPlugins (43ms)
				BeforeProcessingInitializeOnLoad (14ms)
				ProcessInitializeOnLoadAttributes (78ms)
				ProcessInitializeOnLoadMethodAttributes (27ms)
				AfterProcessingInitializeOnLoad (0ms)
				EditorAssembliesLoaded (0ms)
			ExecutionOrderSort2 (0ms)
			AwakeInstancesAfterBackupRestoration (0ms)
Platform modules already initialized, skipping
Registering precompiled user dll's ...
Registered in 0.003351 seconds.
Begin MonoManager ReloadAssembly
Native extension for WindowsStandalone target not found
Refreshing native plugins compatible for Editor in 44.42 ms, found 3 plugins.
Preloading 0 native plugins for Editor in 0.00 ms.
Mono: successfully reloaded assembly
- Completed reload, in  1.205 seconds
Domain Reload Profiling:
	ReloadAssembly (1206ms)
		BeginReloadAssembly (152ms)
			ExecutionOrderSort (0ms)
			DisableScriptedObjects (4ms)
			BackupInstance (0ms)
			ReleaseScriptingObjects (0ms)
			CreateAndSetChildDomain (19ms)
		EndReloadAssembly (994ms)
			LoadAssemblies (99ms)
			RebuildTransferFunctionScriptingTraits (0ms)
			SetupTypeCache (398ms)
			ReleaseScriptCaches (0ms)
			RebuildScriptCaches (48ms)
			SetupLoadedEditorAssemblies (343ms)
				LogAssemblyErrors (0ms)
				InitializePlatformSupportModulesInManaged (3ms)
				SetLoadedEditorAssemblies (0ms)
				RefreshPlugins (44ms)
				BeforeProcessingInitializeOnLoad (80ms)
				ProcessInitializeOnLoadAttributes (191ms)
				ProcessInitializeOnLoadMethodAttributes (16ms)
				AfterProcessingInitializeOnLoad (7ms)
				EditorAssembliesLoaded (0ms)
			ExecutionOrderSort2 (0ms)
			AwakeInstancesAfterBackupRestoration (6ms)
Platform modules already initialized, skipping
========================================================================
Worker process is ready to serve import requests
Launched and connected shader compiler UnityShaderCompiler.exe after 0.07 seconds
Refreshing native plugins compatible for Editor in 0.47 ms, found 3 plugins.
Preloading 0 native plugins for Editor in 0.00 ms.
Unloading 2199 Unused Serialized files (Serialized files now loaded: 0)
System memory in use before: 96.0 MB.
System memory in use after: 95.9 MB.

Unloading 34 unused Assets to reduce memory usage. Loaded Objects now: 2626.
Total: 3.021400 ms (FindLiveObjects: 0.161200 ms CreateObjectMapping: 0.077800 ms MarkObjects: 2.582200 ms  DeleteObjects: 0.199500 ms)

AssetImportParameters requested are different than current active one (requested -> active):
  custom:framework-win-MediaFoundation: 216162199b28c13a410421893ffa2e32 -> 
  custom:video-decoder-ogg-theora: a1e56fd34408186e4bbccfd4996cb3dc -> 
  custom:container-muxer-webm: aa71ff27fc2769a1b78a27578f13a17b -> 
  custom:container-demuxer-webm: 4f35f7cbe854078d1ac9338744f61a02 -> 
  custom:container-demuxer-ogg: 62fdf1f143b41e24485cea50d1cbac27 -> 
  custom:video-encoder-webm-vp8: eb34c28f22e8b96e1ab97ce403110664 -> 
  custom:video-decoder-webm-vp8: 9c59270c3fd7afecdb556c50c9e8de78 -> 
  custom:audio-decoder-ogg-vorbis: bf7c407c2cedff20999df2af8eb42d56 -> 
  custom:audio-encoder-webm-vorbis: bf7c407c2cedff20999df2af8eb42d56 -> 
========================================================================
Received Import Request.
  path: Assets/Scenes
  artifactKey: Guid(131a6b21c8605f84396be9f6751fb6e3) Importer(815301076,1909f56bfc062723c751e8b465ee728b)
Start importing Assets/Scenes using Guid(131a6b21c8605f84396be9f6751fb6e3) Importer(815301076,1909f56bfc062723c751e8b465ee728b)  -> (artifact id: 'df75b7d1a31c5b4f73fd45661b403b04') in 0.356509 seconds 
  Import took 0.447658 seconds .

========================================================================
Received Prepare
Refreshing native plugins compatible for Editor in 2.77 ms, found 3 plugins.
Preloading 0 native plugins for Editor in 0.00 ms.
Unloading 21 Unused Serialized files (Serialized files now loaded: 0)
System memory in use before: 52.8 MB.
System memory in use after: 52.8 MB.

Unloading 21 unused Assets to reduce memory usage. Loaded Objects now: 2626.
Total: 3.083600 ms (FindLiveObjects: 0.198200 ms CreateObjectMapping: 0.124100 ms MarkObjects: 2.622500 ms  DeleteObjects: 0.138200 ms)

AssetImportParameters requested are different than current active one (requested -> active):
  custom:framework-win-MediaFoundation: 216162199b28c13a410421893ffa2e32 -> 
  custom:video-decoder-ogg-theora: a1e56fd34408186e4bbccfd4996cb3dc -> 
  custom:container-muxer-webm: aa71ff27fc2769a1b78a27578f13a17b -> 
  custom:container-demuxer-webm: 4f35f7cbe854078d1ac9338744f61a02 -> 
  custom:container-demuxer-ogg: 62fdf1f143b41e24485cea50d1cbac27 -> 
  custom:video-encoder-webm-vp8: eb34c28f22e8b96e1ab97ce403110664 -> 
  custom:video-decoder-webm-vp8: 9c59270c3fd7afecdb556c50c9e8de78 -> 
  custom:audio-decoder-ogg-vorbis: bf7c407c2cedff20999df2af8eb42d56 -> 
  custom:audio-encoder-webm-vorbis: bf7c407c2cedff20999df2af8eb42d56 -> 
========================================================================
Received Import Request.
  Time since last request: 15.948586 seconds.
  path: Assets/Scenes/Tilemap.unity
  artifactKey: Guid(10c3b98e0b808e54c804cdf06eec9e9a) Importer(815301076,1909f56bfc062723c751e8b465ee728b)
Start importing Assets/Scenes/Tilemap.unity using Guid(10c3b98e0b808e54c804cdf06eec9e9a) Importer(815301076,1909f56bfc062723c751e8b465ee728b)  -> (artifact id: 'df46d1ad3c3ff5d1ed1d43c86103ab05') in 0.013510 seconds 
  Import took 0.021667 seconds .

========================================================================
Received Import Request.
  Time since last request: 8.348455 seconds.
  path: Assets/Scenes/SampleScene.unity
  artifactKey: Guid(2cda990e2423bbf4892e6590ba056729) Importer(815301076,1909f56bfc062723c751e8b465ee728b)
Start importing Assets/Scenes/SampleScene.unity using Guid(2cda990e2423bbf4892e6590ba056729) Importer(815301076,1909f56bfc062723c751e8b465ee728b)  -> (artifact id: '95def504b28df531cd5525ec0581bad6') in 0.009560 seconds 
  Import took 0.037293 seconds .

========================================================================
Received Import Request.
  Time since last request: 80.115657 seconds.
  path: Assets/Sprites/Kenny
  artifactKey: Guid(57cc96c7f3c95124b9176e012d54f8b8) Importer(815301076,1909f56bfc062723c751e8b465ee728b)
Start importing Assets/Sprites/Kenny using Guid(57cc96c7f3c95124b9176e012d54f8b8) Importer(815301076,1909f56bfc062723c751e8b465ee728b)  -> (artifact id: 'b76c054fadf9595bafe9e4dbcf3757ef') in 0.007795 seconds 
  Import took 0.011641 seconds .

========================================================================
Received Import Request.
  Time since last request: 11.691144 seconds.
  path: Assets/Sprites/Kenny/kenney_pixelshmup.zip
  artifactKey: Guid(8d4021e9254ceef478f86600e9cfa0db) Importer(815301076,1909f56bfc062723c751e8b465ee728b)
Start importing Assets/Sprites/Kenny/kenney_pixelshmup.zip using Guid(8d4021e9254ceef478f86600e9cfa0db) Importer(815301076,1909f56bfc062723c751e8b465ee728b)  -> (artifact id: '0755edd976ceb2101f2a5f67fcb78d85') in 0.034520 seconds 
  Import took 0.037836 seconds .

========================================================================
Received Import Request.
  Time since last request: 94.823566 seconds.
  path: Assets/Sprites/Kenny/Ships
  artifactKey: Guid(08cdc12f9c7afb74a88244b001cb2c94) Importer(815301076,1909f56bfc062723c751e8b465ee728b)
Start importing Assets/Sprites/Kenny/Ships using Guid(08cdc12f9c7afb74a88244b001cb2c94) Importer(815301076,1909f56bfc062723c751e8b465ee728b)  -> (artifact id: '19bca1e591d4194cfc09c3a31686ee50') in 0.008605 seconds 
  Import took 0.012190 seconds .

========================================================================
Received Import Request.
  Time since last request: 104.208152 seconds.
  path: Assets/Sprites/Kenny/Tiles
  artifactKey: Guid(2c6a3728e07967044b7dd59cfee1a24a) Importer(815301076,1909f56bfc062723c751e8b465ee728b)
Start importing Assets/Sprites/Kenny/Tiles using Guid(2c6a3728e07967044b7dd59cfee1a24a) Importer(815301076,1909f56bfc062723c751e8b465ee728b)  -> (artifact id: '817d0e024ea44ec61e72b5196cadc3ff') in 0.059045 seconds 
  Import took 0.062707 seconds .

========================================================================
Received Import Request.
  Time since last request: 460.133136 seconds.
  path: Assets/Sprites/Kenny/Tilemap
  artifactKey: Guid(b8ee4267766021640aafdb170575ef85) Importer(815301076,1909f56bfc062723c751e8b465ee728b)
Start importing Assets/Sprites/Kenny/Tilemap using Guid(b8ee4267766021640aafdb170575ef85) Importer(815301076,1909f56bfc062723c751e8b465ee728b)  -> (artifact id: '1955cc8543b25e72f1fd346b6ab3a198') in 0.007241 seconds 
  Import took 0.011600 seconds .

========================================================================
Received Import Request.
  Time since last request: 2.665033 seconds.
  path: Assets/Sprites/Kenny/Tilemap/tiles_packed.png
  artifactKey: Guid(53473cea0fd55264e8e62e598cbf8038) Importer(815301076,1909f56bfc062723c751e8b465ee728b)
Start importing Assets/Sprites/Kenny/Tilemap/tiles_packed.png using Guid(53473cea0fd55264e8e62e598cbf8038) Importer(815301076,1909f56bfc062723c751e8b465ee728b)  -> (artifact id: '6f42c505c74384f43cee544fc7fdc076') in 0.112869 seconds 
  Import took 0.116229 seconds .

========================================================================
Received Import Request.
  Time since last request: 175.858868 seconds.
  path: Assets/Sprites/Kenny/Tilemap/ships_packed.png
  artifactKey: Guid(ef76cde3ad01246408b6530dc9cdb273) Importer(815301076,1909f56bfc062723c751e8b465ee728b)
Start importing Assets/Sprites/Kenny/Tilemap/ships_packed.png using Guid(ef76cde3ad01246408b6530dc9cdb273) Importer(815301076,1909f56bfc062723c751e8b465ee728b)  -> (artifact id: '48ac9e2c25792472e346bb27682990b7') in 0.025993 seconds 
  Import took 0.031150 seconds .

========================================================================
Received Import Request.
  Time since last request: 2.140576 seconds.
  path: Assets/Sprites/Kenny/Tilemap/tiles_packed.png
  artifactKey: Guid(53473cea0fd55264e8e62e598cbf8038) Importer(815301076,1909f56bfc062723c751e8b465ee728b)
Start importing Assets/Sprites/Kenny/Tilemap/tiles_packed.png using Guid(53473cea0fd55264e8e62e598cbf8038) Importer(815301076,1909f56bfc062723c751e8b465ee728b)  -> (artifact id: '0f46d834987e0c1a20154f596981e4b6') in 0.015720 seconds 
  Import took 0.019159 seconds .

========================================================================
Received Import Request.
  Time since last request: 31.415105 seconds.
  path: Assets/Sprites/Kenny/Tilemap/tiles_packed.png
  artifactKey: Guid(53473cea0fd55264e8e62e598cbf8038) Importer(815301076,1909f56bfc062723c751e8b465ee728b)
Start importing Assets/Sprites/Kenny/Tilemap/tiles_packed.png using Guid(53473cea0fd55264e8e62e598cbf8038) Importer(815301076,1909f56bfc062723c751e8b465ee728b)  -> (artifact id: 'b1f633e34e0d59aef37c3460cec3d699') in 0.014923 seconds 
  Import took 0.018728 seconds .

========================================================================
Received Import Request.
  Time since last request: 31.060687 seconds.
  path: Assets/Sprites/Kenny/Tilemap/tiles.png
  artifactKey: Guid(90c3be3c3945f0d459e2b4b6ab7a1362) Importer(815301076,1909f56bfc062723c751e8b465ee728b)
Start importing Assets/Sprites/Kenny/Tilemap/tiles.png using Guid(90c3be3c3945f0d459e2b4b6ab7a1362) Importer(815301076,1909f56bfc062723c751e8b465ee728b)  -> (artifact id: 'd9149a96785ac6065bec7c26e6806558') in 0.020734 seconds 
  Import took 0.025247 seconds .

========================================================================
Received Import Request.
  Time since last request: 28.462923 seconds.
  path: Assets/Sprites/Kenny/Tilemap/tiles_packed.png
  artifactKey: Guid(53473cea0fd55264e8e62e598cbf8038) Importer(815301076,1909f56bfc062723c751e8b465ee728b)
Start importing Assets/Sprites/Kenny/Tilemap/tiles_packed.png using Guid(53473cea0fd55264e8e62e598cbf8038) Importer(815301076,1909f56bfc062723c751e8b465ee728b)  -> (artifact id: 'f94bc1a36a7d64e846eefad080382ebf') in 0.012964 seconds 
  Import took 0.017120 seconds .

========================================================================
Received Import Request.
  Time since last request: 137.331712 seconds.
  path: Assets/Sprites/Kenny/Tilemap/tiles_packed.png
  artifactKey: Guid(53473cea0fd55264e8e62e598cbf8038) Importer(815301076,1909f56bfc062723c751e8b465ee728b)
Start importing Assets/Sprites/Kenny/Tilemap/tiles_packed.png using Guid(53473cea0fd55264e8e62e598cbf8038) Importer(815301076,1909f56bfc062723c751e8b465ee728b)  -> (artifact id: '70f582573925bb6c13d5e1e6951fdf94') in 0.294383 seconds 
  Import took 0.298513 seconds .

========================================================================
Received Import Request.
  Time since last request: 584.114142 seconds.
  path: Assets/Sprites/Kenny/Pallet
  artifactKey: Guid(a447a65b18e20b747926ac983633a3bd) Importer(815301076,1909f56bfc062723c751e8b465ee728b)
Start importing Assets/Sprites/Kenny/Pallet using Guid(a447a65b18e20b747926ac983633a3bd) Importer(815301076,1909f56bfc062723c751e8b465ee728b)  -> (artifact id: '6d2a7f977a544c772f045785532d081e') in 0.007656 seconds 
  Import took 0.012343 seconds .

========================================================================
Received Import Request.
  Time since last request: 326.985983 seconds.
  path: Assets/Sprites/Kenny/Tilemap/New Palette.prefab
  artifactKey: Guid(ce5aaf8d982b5a4429da54a415d0885e) Importer(815301076,1909f56bfc062723c751e8b465ee728b)
Start importing Assets/Sprites/Kenny/Tilemap/New Palette.prefab using Guid(ce5aaf8d982b5a4429da54a415d0885e) Importer(815301076,1909f56bfc062723c751e8b465ee728b)  -> (artifact id: 'b1721decabb83cb79630ce050b6d4838') in 0.076050 seconds 
  Import took 0.082341 seconds .

AssetImportWorkerClient::OnTransportError - code=2 error=End of file
